# JRE version: OpenJDK Runtime Environment (20.0.1+9) (build 20.0.1+9-29)
# Java VM: OpenJDK 64-Bit Server VM (20.0.1+9-29, mixed mode, sharing, tiered, compressed oops, compressed class ptrs, g1 gc, windows-amd64)
GC Precious Log:
 CardTable entry size: 512
 Card Set container configuration: InlinePtr #cards 5 size 8 Array Of Cards #cards 12 size 40 Howl #buckets 4 coarsen threshold 1843 Howl Bitmap #cards 512 size 80 coarsen threshold 460 Card regions per heap region 1 cards per card region 2048
 CPUs: 4 total, 4 available
 Memory: 3863M
 Large Page Support: Disabled
 NUMA Support: Disabled
 Compressed Oops: Enabled (32-bit)
 Heap Region Size: 1M
 Heap Min Capacity: 8M
 Heap Initial Capacity: 62M
 Heap Max Capacity: 966M
 Pre-touch: Disabled
 Parallel Workers: 4
 Concurrent Workers: 1
 Concurrent Refinement Workers: 4
 Periodic GC: Disabled
Heap:
 garbage-first heap   total 58368K, used 37144K [0x00000000c3a00000, 0x0000000100000000)
  region size 1024K, 26 young (26624K), 4 survivors (4096K)
 Metaspace       used 25218K, committed 25536K, reserved 1114112K
  class space    used 3160K, committed 3328K, reserved 1048576K
GC Heap History (10 events):
Event: 4.715 GC heap before
{Heap before GC invocations=0 (full 0):
 garbage-first heap   total 63488K, used 14336K [0x00000000c3a00000, 0x0000000100000000)
  region size 1024K, 13 young (13312K), 0 survivors (0K)
 Metaspace       used 2247K, committed 2368K, reserved 1114112K
  class space    used 189K, committed 256K, reserved 1048576K
}
Event: 4.733 GC heap after
{Heap after GC invocations=1 (full 0):
 garbage-first heap   total 63488K, used 8320K [0x00000000c3a00000, 0x0000000100000000)
  region size 1024K, 2 young (2048K), 2 survivors (2048K)
 Metaspace       used 2247K, committed 2368K, reserved 1114112K
  class space    used 189K, committed 256K, reserved 1048576K
}
Event: 5.332 GC heap before
{Heap before GC invocations=1 (full 0):
 garbage-first heap   total 63488K, used 17536K [0x00000000c3a00000, 0x0000000100000000)
  region size 1024K, 11 young (11264K), 2 survivors (2048K)
 Metaspace       used 4631K, committed 4800K, reserved 1114112K
  class space    used 472K, committed 576K, reserved 1048576K
}
Event: 5.338 GC heap after
{Heap after GC invocations=2 (full 0):
 garbage-first heap   total 63488K, used 10470K [0x00000000c3a00000, 0x0000000100000000)
  region size 1024K, 2 young (2048K), 2 survivors (2048K)
 Metaspace       used 4631K, committed 4800K, reserved 1114112K
  class space    used 472K, committed 576K, reserved 1048576K
}
Event: 6.496 GC heap before
{Heap before GC invocations=2 (full 0):
 garbage-first heap   total 63488K, used 27878K [0x00000000c3a00000, 0x0000000100000000)
  region size 1024K, 19 young (19456K), 2 survivors (2048K)
 Metaspace       used 9766K, committed 9984K, reserved 1114112K
  class space    used 1187K, committed 1280K, reserved 1048576K
}
Event: 6.501 GC heap after
{Heap after GC invocations=3 (full 0):
 garbage-first heap   total 63488K, used 12057K [0x00000000c3a00000, 0x0000000100000000)
  region size 1024K, 2 young (2048K), 2 survivors (2048K)
 Metaspace       used 9766K, committed 9984K, reserved 1114112K
  class space    used 1187K, committed 1280K, reserved 1048576K
}
Event: 7.082 GC heap before
{Heap before GC invocations=3 (full 0):
 garbage-first heap   total 63488K, used 40729K [0x00000000c3a00000, 0x0000000100000000)
  region size 1024K, 31 young (31744K), 2 survivors (2048K)
 Metaspace       used 17417K, committed 17728K, reserved 1114112K
  class space    used 2074K, committed 2240K, reserved 1048576K
}
Event: 7.088 GC heap after
{Heap after GC invocations=4 (full 0):
 garbage-first heap   total 63488K, used 13731K [0x00000000c3a00000, 0x0000000100000000)
  region size 1024K, 4 young (4096K), 4 survivors (4096K)
 Metaspace       used 17417K, committed 17728K, reserved 1114112K
  class space    used 2074K, committed 2240K, reserved 1048576K
}
Event: 8.440 GC heap before
{Heap before GC invocations=4 (full 0):
 garbage-first heap   total 63488K, used 43427K [0x00000000c3a00000, 0x0000000100000000)
  region size 1024K, 34 young (34816K), 4 survivors (4096K)
 Metaspace       used 21263K, committed 21504K, reserved 1114112K
  class space    used 2541K, committed 2688K, reserved 1048576K
}
Event: 8.449 GC heap after
{Heap after GC invocations=5 (full 0):
 garbage-first heap   total 63488K, used 15640K [0x00000000c3a00000, 0x0000000100000000)
  region size 1024K, 4 young (4096K), 4 survivors (4096K)
 Metaspace       used 21263K, committed 21504K, reserved 1114112K
  class space    used 2541K, committed 2688K, reserved 1048576K
}

